<?xml version="1.0" encoding="UTF-8"?>
<!-- Generated by org.testng.reporters.JUnitReportReporter -->
<testsuite hostname="PRAKASH-4948" failures="0" tests="3" name="com.example.api.Forgot_API" time="1.288" errors="0" timestamp="30 Oct 2023 07:39:59 GMT" skipped="0">
  <testcase classname="com.example.api.Forgot_API" name="testForgotPasswordForInvalidUsername" time="0.307"/>
  <testcase classname="com.example.api.Forgot_API" name="testForgotPasswordForBlankUsername" time="0.642"/>
  <testcase classname="com.example.api.Forgot_API" name="testForgotPasswordForValidUsername" time="0.339"/>
</testsuite> <!-- com.example.api.Forgot_API -->
