<?xml version="1.0" encoding="UTF-8"?>
<!-- Generated by org.testng.reporters.JUnitReportReporter -->
<testsuite hostname="PRAKASH-4948" failures="0" tests="6" name="com.example.api.Authemtication_API" time="16.844" errors="0" timestamp="30 Oct 2023 07:02:03 GMT" skipped="0">
  <testcase classname="com.example.api.Authemtication_API" name="test_API_With_INvalid_Username_and_Valid_Password" time="2.401"/>
  <testcase classname="com.example.api.Authemtication_API" name="test_API_With_Valid_Username_and_Null_Password" time="2.370"/>
  <testcase classname="com.example.api.Authemtication_API" name="test_API_With_Null_Username_and_Valid_Password" time="2.729"/>
  <testcase classname="com.example.api.Authemtication_API" name="test_API_With_Valid_Username_and_Invalid_Password" time="2.402"/>
  <testcase classname="com.example.api.Authemtication_API" name="test_API_With_Null_Username_and_Null_Password" time="2.589"/>
  <testcase classname="com.example.api.Authemtication_API" name="test_API_With_Valid_Credentials" time="4.353"/>
</testsuite> <!-- com.example.api.Authemtication_API -->
