<?xml version="1.0" encoding="UTF-8"?>
<!-- Generated by org.testng.reporters.JUnitReportReporter -->
<testsuite hostname="PRAKASH-4948" failures="0" tests="6" name="com.example.api.APITestNG" time="16.998" errors="0" timestamp="30 Oct 2023 06:57:05 GMT" skipped="0">
  <testcase classname="com.example.api.APITestNG" name="test_API_With_Null_Username_and_Null_Password" time="2.556"/>
  <testcase classname="com.example.api.APITestNG" name="test_API_With_Valid_Username_and_Invalid_Password" time="2.354"/>
  <testcase classname="com.example.api.APITestNG" name="test_API_With_Valid_Username_and_Null_Password" time="2.391"/>
  <testcase classname="com.example.api.APITestNG" name="test_API_With_Valid_Credentials" time="4.513"/>
  <testcase classname="com.example.api.APITestNG" name="test_API_With_Null_Username_and_Valid_Password" time="2.209"/>
  <testcase classname="com.example.api.APITestNG" name="test_API_With_INvalid_Username_and_Valid_Password" time="2.975"/>
</testsuite> <!-- com.example.api.APITestNG -->
