<?xml version="1.0" encoding="UTF-8"?>
<!-- Generated by org.testng.reporters.JUnitReportReporter -->
<testsuite hostname="PRAKASH-4948" failures="0" tests="1" name="API.POST1" time="2.288" errors="0" timestamp="30 Oct 2023 06:51:26 GMT" skipped="0">
  <testcase classname="API.POST1" name="test" time="2.288"/>
</testsuite> <!-- API.POST1 -->
