<?xml version="1.0" encoding="UTF-8"?>
<!-- Generated by org.testng.reporters.JUnitReportReporter -->
<testsuite hostname="PRAKASH-4948" failures="0" tests="6" name="com.example.api.Authentication_API" time="16.473" errors="0" timestamp="31 Oct 2023 05:56:36 GMT" skipped="0">
  <testcase classname="com.example.api.Authentication_API" name="test_API_With_Null_Username_and_Valid_Password" time="2.384"/>
  <testcase classname="com.example.api.Authentication_API" name="test_API_With_Valid_Credentials" time="4.400"/>
  <testcase classname="com.example.api.Authentication_API" name="test_API_With_Valid_Username_and_Invalid_Password" time="2.470"/>
  <testcase classname="com.example.api.Authentication_API" name="test_API_With_Null_Username_and_Null_Password" time="2.324"/>
  <testcase classname="com.example.api.Authentication_API" name="test_API_With_Valid_Username_and_Null_Password" time="2.236"/>
  <testcase classname="com.example.api.Authentication_API" name="test_API_With_INvalid_Username_and_Valid_Password" time="2.659"/>
</testsuite> <!-- com.example.api.Authentication_API -->
